{
  "RSpec": {
    "coverage": {
      "/Users/tobydawson/Projects/MakersBNB/spec/features/homepage_spec.rb": {
        "lines": [
          1,
          null,
          1,
          1,
          0,
          0,
          0,
          null,
          null
        ]
      },
      "/Users/tobydawson/Projects/MakersBNB/spec/features/login_spec.rb": {
        "lines": [
          1,
          1,
          0,
          0,
          0,
          0,
          null,
          null
        ]
      },
      "/Users/tobydawson/Projects/MakersBNB/spec/space_spec.rb": {
        "lines": [
          null,
          null,
          null,
          null,
          null,
          null,
          null,
          null,
          null,
          null,
          null,
          null,
          null,
          null,
          null,
          null,
          null,
          null,
          null
        ]
      },
      "/Users/tobydawson/Projects/MakersBNB/spec/user_spec.rb": {
        "lines": [
          null,
          null,
          null,
          null,
          null,
          null,
          null,
          null
        ]
      }
    },
    "timestamp": 1582810374
  }
}
